info it worked if it ends with ok
verbose cli [ 'node', '/usr/local/bin/npm', 'install' ]
info using npm@1.0.6
info using node@v0.4.9
verbose config file /Users/ggoodrich/.npmrc
verbose config file /usr/local/etc/npmrc
silly testEngine { name: 'ags_tracker',
silly testEngine   version: '0.0.1',
silly testEngine   dependencies: 
silly testEngine    { 'socket.io': '0.7.7',
silly testEngine      'node-static': '0.5.7',
silly testEngine      'http-digest': 'https://github.com/thedjinn/node-http-digest.git' },
silly testEngine   scripts: { start: 'node server.js' },
silly testEngine   devDependencies: {},
silly testEngine   _id: 'ags_tracker@0.0.1',
silly testEngine   engines: { node: '*' },
silly testEngine   _engineSupported: true,
silly testEngine   _npmVersion: '1.0.6',
silly testEngine   _nodeVersion: 'v0.4.9',
silly testEngine   _defaultsLoaded: true }
verbose caching /Users/ggoodrich/projects/node/nodeags/package.json
verbose loadDefaults ags_tracker@0.0.1
verbose where, deps [ '/Users/ggoodrich/projects/node/nodeags',
verbose where, deps   [ 'socket.io', 'node-static', 'http-digest' ] ]
verbose from cache /Users/ggoodrich/projects/node/nodeags/package.json
info preinstall ags_tracker@0.0.1
silly testEngine { name: 'http-digest',
silly testEngine   description: 'Enables your web server to use HTTP Digest authentication',
silly testEngine   version: '0.1.0',
silly testEngine   author: { name: 'Emil Loer', email: 'emil@koffietijd.net' },
silly testEngine   contributors: [],
silly testEngine   repository: 
silly testEngine    { type: 'git',
silly testEngine      url: 'git://github.com/thedjinn/node-http-digest.git' },
silly testEngine   bugs: 
silly testEngine    { email: 'emil@koffietijd.net',
silly testEngine      url: 'http://github.com/thedjinn/node-http-digest/issues' },
silly testEngine   os: [ 'linux', 'darwin', 'freebsd' ],
silly testEngine   directories: { lib: './lib/' },
silly testEngine   main: './lib/http-digest',
silly testEngine   engines: { node: '>=0.1.100' },
silly testEngine   licenses: 
silly testEngine    [ { type: 'MIT',
silly testEngine        url: 'http://github.com/thedjinn/node-http-digest/raw/master/LICENSE' } ],
silly testEngine   dependencies: {},
silly testEngine   devDependencies: {},
silly testEngine   _id: 'http-digest@0.1.0',
silly testEngine   _engineSupported: true,
silly testEngine   _npmVersion: '1.0.6',
silly testEngine   _nodeVersion: 'v0.4.9',
silly testEngine   _defaultsLoaded: true }
verbose caching /Users/ggoodrich/projects/node/nodeags/node_modules/http-digest/package.json
verbose loadDefaults http-digest@0.1.0
silly testEngine { name: 'node-static',
silly testEngine   description: 'simple, compliant file streaming module for node',
silly testEngine   url: 'http://github.com/cloudhead/node-static',
silly testEngine   keywords: [ 'http', 'static', 'file', 'server' ],
silly testEngine   author: 
silly testEngine    { name: 'Alexis Sellier',
silly testEngine      email: 'self@cloudhead.net' },
silly testEngine   contributors: [],
silly testEngine   licenses: [ 'MIT' ],
silly testEngine   dependencies: {},
silly testEngine   lib: 'lib',
silly testEngine   main: './lib/node-static',
silly testEngine   version: '0.5.7',
silly testEngine   directories: { test: './test' },
silly testEngine   engines: { node: '>= 0.4.1' },
silly testEngine   devDependencies: {},
silly testEngine   _id: 'node-static@0.5.7',
silly testEngine   _engineSupported: true,
silly testEngine   _npmVersion: '1.0.6',
silly testEngine   _nodeVersion: 'v0.4.9',
silly testEngine   _defaultsLoaded: true }
verbose caching /Users/ggoodrich/projects/node/nodeags/node_modules/node-static/package.json
verbose loadDefaults node-static@0.5.7
silly testEngine { name: 'socket.io',
silly testEngine   version: '0.7.7',
silly testEngine   description: 'Real-time apps made cross-browser & easy with a WebSocket-like API',
silly testEngine   homepage: 'http://socket.io',
silly testEngine   keywords: 
silly testEngine    [ 'websocket',
silly testEngine      'socket',
silly testEngine      'realtime',
silly testEngine      'socket.io',
silly testEngine      'comet',
silly testEngine      'ajax' ],
silly testEngine   author: 
silly testEngine    { name: 'Guillermo Rauch',
silly testEngine      email: 'guillermo@learnboost.com' },
silly testEngine   contributors: 
silly testEngine    [ { name: 'Guillermo Rauch', email: 'rauchg@gmail.com' },
silly testEngine      { name: 'Arnout Kazemier',
silly testEngine        email: 'info@3rd-eden.com' },
silly testEngine      { name: 'Vladimir Dronnikov',
silly testEngine        email: 'dronnikov@gmail.com' } ],
silly testEngine   repository: 
silly testEngine    { type: 'git',
silly testEngine      url: 'git://github.com/LearnBoost/Socket.IO-node.git' },
silly testEngine   dependencies: 
silly testEngine    { 'socket.io-client': '0.7.4',
silly testEngine      policyfile: '0.0.3',
silly testEngine      redis: '0.6.0' },
silly testEngine   devDependencies: { expresso: '0.7.7', should: '0.0.4' },
silly testEngine   main: 'index',
silly testEngine   engines: { node: '>= 0.4.0' },
silly testEngine   _id: 'socket.io@0.7.7',
silly testEngine   _engineSupported: true,
silly testEngine   _npmVersion: '1.0.6',
silly testEngine   _nodeVersion: 'v0.4.9',
silly testEngine   _defaultsLoaded: true }
verbose caching /Users/ggoodrich/projects/node/nodeags/node_modules/socket.io/package.json
verbose loadDefaults socket.io@0.7.7
verbose from cache /Users/ggoodrich/projects/node/nodeags/package.json
verbose into /Users/ggoodrich/projects/node/nodeags [ 'socket.io@0.7.7',
verbose into /Users/ggoodrich/projects/node/nodeags   'node-static@0.5.7',
verbose into /Users/ggoodrich/projects/node/nodeags   'https://github.com/thedjinn/node-http-digest.git' ]
verbose from cache /Users/ggoodrich/projects/node/nodeags/node_modules/http-digest/package.json
verbose from cache /Users/ggoodrich/projects/node/nodeags/node_modules/node-static/package.json
verbose from cache /Users/ggoodrich/projects/node/nodeags/node_modules/socket.io/package.json
verbose cache add [ 'https://github.com/thedjinn/node-http-digest.git',
verbose cache add   null ]
verbose addRemoteTarball [ 'https://github.com/thedjinn/node-http-digest.git',
verbose addRemoteTarball   null ]
verbose already installed in /Users/ggoodrich/projects/node/nodeags skipping socket.io@0.7.7
verbose mkdir done: /var/folders/Xg/XgesUWPeE4CjqDaSbkP1ik+++TI/-Tmp-/npm-1311797777002/1311797777002-0.18907955451868474 755
info fetch https://github.com/thedjinn/node-http-digest.git
verbose fetch to /var/folders/Xg/XgesUWPeE4CjqDaSbkP1ik+++TI/-Tmp-/npm-1311797777002/1311797777002-0.18907955451868474/tmp.tgz
verbose already installed in /Users/ggoodrich/projects/node/nodeags skipping node-static@0.5.7
ERR! failed to fetch https://github.com/thedjinn/node-http-digest.git
ERR! Error: 404 { server: 'nginx/1.0.4',
ERR!   date: 'Wed, 27 Jul 2011 20:16:17 GMT',
ERR!   'content-type': 'text/html; charset=utf-8',
ERR!   connection: 'close',
ERR!   status: '404 Not Found',
ERR!   'x-runtime': '12ms',
ERR!   'content-length': '17159',
ERR!   'set-cookie': 
ERR!    [ 'csrf_id=14e01a0564208debb3d3eb94e1169b85; path=/',
ERR!      '_gh_sess=BAh7BiIKZmxhc2hJQzonQWN0aW9uQ29udHJvbGxlcjo6Rmxhc2g6OkZsYXNoSGFzaHsABjoKQHVzZWR7AA%3D%3D--ed7eadd474fd37850b68bd3c08a5c55ad0c3c833; path=/; expires=Fri, 01 Jan 2021 00:00:00 GMT; secure; HttpOnly' ],
ERR!   'cache-control': 'no-cache' }
ERR!     at ClientRequest.<anonymous> (/usr/local/lib/node_modules/npm/lib/utils/fetch.js:108:33)
ERR!     at ClientRequest.g (events.js:143:14)
ERR!     at ClientRequest.emit (events.js:64:17)
ERR!     at HTTPParser.onIncoming (http.js:1350:9)
ERR!     at HTTPParser.onHeadersComplete (http.js:108:31)
ERR!     at CleartextStream.ondata (http.js:1227:22)
ERR!     at CleartextStream._push (tls.js:303:27)
ERR!     at SecurePair.cycle (tls.js:574:20)
ERR!     at EncryptedStream.write (tls.js:96:13)
ERR!     at Socket.ondata (stream.js:36:26)
ERR! Report this *entire* log at:
ERR!     <http://github.com/isaacs/npm/issues>
ERR! or email it to:
ERR!     <npm-@googlegroups.com>
ERR! 
ERR! System Darwin 10.8.0
ERR! command "node" "/usr/local/bin/npm" "install"
verbose exit [ 1, true ]
